-------------------------------------------------------------------------------
Test set: TestSuite
-------------------------------------------------------------------------------
Tests run: 2, Failures: 1, Errors: 0, Skipped: 0, Time elapsed: 7.641 s <<< FAILURE! - in TestSuite
testCase3(test.testNGdemo)  Time elapsed: 0.111 s  <<< FAILURE!
java.lang.AssertionError: expected [Welcome: Mercury Tourssssss] but found [Welcome: Mercury Tours]
	at test.testNGdemo.testCase3(testNGdemo.java:33)

